<?xml version="1.0" encoding="UTF-8"?>
<!-- Generated by org.testng.reporters.JUnitReportReporter -->
<testsuite skipped="0" hostname="MYPC" name="test.YunoSurveySampleTest" tests="1" failures="0" timestamp="19 Dec 2019 00:39:53 GMT" time="26.434" errors="0">
  <testcase name="yunoSurvery" time="26.434" classname="test.YunoSurveySampleTest"/>
</testsuite> <!-- test.YunoSurveySampleTest -->
